[MQTT] Conectando a tcp://broker.emqx.io:1883 con client_id=cpp_sub_588765289...
[MQTT] Conectado. Cause: connect onSuccess called
[MQTT] Subscribing: sensor/data/sen55 (qos=0)...
[MQTT] OK subscribed: sensor/data/sen55
[MQTT] Subscribing: sensor/data/gas_sensor (qos=0)...
[MQTT] OK subscribed: sensor/data/gas_sensor
[MQTT] Escuchando... (Ctrl+C para salir)

[MSG] Topic: sensor/data/sen55
 Payload: {"MassConcentrationPm1p0":17.30,"MassConcentrationPm2p5":18.60,"MassConcentrationPm4p0":18.90,"MassConcentrationPm10p0":19.10,"AmbientHumidity":49.37,"AmbientTemperature":23.18,"VocIndex":101.00,"NoxIndex":1.00}

[MSG] Topic: sensor/data/gas_sensor
 Payload: {"GM102B":46.00,"GM302B":71.00,"GM502B":84.00,"GM702B":191.00}

[MSG] Topic: sensor/data/sen55
 Payload: {"MassConcentrationPm1p0":17.30,"MassConcentrationPm2p5":18.60,"MassConcentrationPm4p0":18.90,"MassConcentrationPm10p0":19.10,"AmbientHumidity":49.33,"AmbientTemperature":23.18,"VocIndex":100.00,"NoxIndex":1.00}

[MSG] Topic: sensor/data/gas_sensor
 Payload: {"GM102B":46.00,"GM302B":71.00,"GM502B":85.00,"GM702B":190.00}

[MSG] Topic: sensor/data/sen55
 Payload: {"MassConcentrationPm1p0":16.90,"MassConcentrationPm2p5":18.00,"MassConcentrationPm4p0":18.30,"MassConcentrationPm10p0":18.40,"AmbientHumidity":49.33,"AmbientTemperature":23.18,"VocIndex":101.00,"NoxIndex":1.00}

[MSG] Topic: sensor/data/gas_sensor
 Payload: {"GM102B":46.00,"GM302B":71.00,"GM502B":85.00,"GM702B":191.00}

[MSG] Topic: sensor/data/sen55
 Payload: {"MassConcentrationPm1p0":17.30,"MassConcentrationPm2p5":18.30,"MassConcentrationPm4p0":18.40,"MassConcentrationPm10p0":18.40,"AmbientHumidity":49.29,"AmbientTemperature":23.18,"VocIndex":100.00,"NoxIndex":1.00}

[MSG] Topic: sensor/data/gas_sensor
 Payload: {"GM102B":47.00,"GM302B":71.00,"GM502B":85.00,"GM702B":191.00}

[MSG] Topic: sensor/data/sen55
 Payload: {"MassConcentrationPm1p0":17.70,"MassConcentrationPm2p5":18.60,"MassConcentrationPm4p0":18.60,"MassConcentrationPm10p0":18.60,"AmbientHumidity":49.35,"AmbientTemperature":23.18,"VocIndex":100.00,"NoxIndex":1.00}

[MSG] Topic: sensor/data/gas_sensor
 Payload: {"GM102B":46.00,"GM302B":71.00,"GM502B":85.00,"GM702B":192.00}

[MSG] Topic: sensor/data/sen55
 Payload: {"MassConcentrationPm1p0":17.40,"MassConcentrationPm2p5":18.20,"MassConcentrationPm4p0":18.30,"MassConcentrationPm10p0":18.30,"AmbientHumidity":49.39,"AmbientTemperature":23.18,"VocIndex":100.00,"NoxIndex":1.00}

[MSG] Topic: sensor/data/gas_sensor
 Payload: {"GM102B":46.00,"GM302B":71.00,"GM502B":84.00,"GM702B":192.00}

[MSG] Topic: sensor/data/sen55
 Payload: {"MassConcentrationPm1p0":17.10,"MassConcentrationPm2p5":18.00,"MassConcentrationPm4p0":18.00,"MassConcentrationPm10p0":18.00,"AmbientHumidity":49.36,"AmbientTemperature":23.18,"VocIndex":100.00,"NoxIndex":1.00}

[MSG] Topic: sensor/data/gas_sensor
 Payload: {"GM102B":46.00,"GM302B":71.00,"GM502B":85.00,"GM702B":191.00}

[MSG] Topic: sensor/data/sen55
 Payload: {"MassConcentrationPm1p0":17.00,"MassConcentrationPm2p5":17.90,"MassConcentrationPm4p0":17.90,"MassConcentrationPm10p0":17.90,"AmbientHumidity":49.28,"AmbientTemperature":23.18,"VocIndex":100.00,"NoxIndex":1.00}

[MSG] Topic: sensor/data/gas_sensor
 Payload: {"GM102B":47.00,"GM302B":71.00,"GM502B":84.00,"GM702B":192.00}

[MQTT] Cerrando...
[MQTT] Unsubscribe: sensor/data/sen55

[MSG] Topic: sensor/data/sen55
 Payload: {"MassConcentrationPm1p0":16.80,"MassConcentrationPm2p5":17.70,"MassConcentrationPm4p0":17.70,"MassConcentrationPm10p0":17.70,"AmbientHumidity":49.19,"AmbientTemperature":23.18,"VocIndex":101.00,"NoxIndex":1.00}

[MSG] Topic: sensor/data/gas_sensor
 Payload: {"GM102B":46.00,"GM302B":70.00,"GM502B":85.00,"GM702B":191.00}
[MQTT] Unsubscribe: sensor/data/gas_sensor
[MQTT] Desconectado.
